<?xml version="1.0" encoding="UTF-8"?>
<!-- Generated by org.testng.reporters.JUnitXMLReporter -->
<testsuite hostname="TW-577" ignored="0" name="RestAssuredEmployeeTest" tests="32" failures="2" timestamp="01 Aug 2019 11:49:05 GMT" time="21.74" errors="0">
  <testcase name="checkContentEncoding" time="0.006" classname="com.employeeAPI.testCases.TC001_Get_All_Employees"/>
  <testcase name="checkContentLength" time="0.003" classname="com.employeeAPI.testCases.TC001_Get_All_Employees"/>
  <testcase name="checkContentType" time="0.001" classname="com.employeeAPI.testCases.TC001_Get_All_Employees"/>
  <testcase name="checkCookies" time="0.004" classname="com.employeeAPI.testCases.TC001_Get_All_Employees"/>
  <testcase name="checkResponseBody" time="0.002" classname="com.employeeAPI.testCases.TC001_Get_All_Employees"/>
  <testcase name="checkResponseTime" time="0.003" classname="com.employeeAPI.testCases.TC001_Get_All_Employees"/>
  <testcase name="checkServerType" time="0.003" classname="com.employeeAPI.testCases.TC001_Get_All_Employees"/>
  <testcase name="checkStatusCode" time="0.002" classname="com.employeeAPI.testCases.TC001_Get_All_Employees"/>
  <testcase name="checkStatusLine" time="0.002" classname="com.employeeAPI.testCases.TC001_Get_All_Employees"/>
  <testcase name="checkContentEncoding" time="0.002" classname="com.employeeAPI.testCases.TC002_Get_Single_Employee_Data">
    <failure type="java.lang.AssertionError" message="expected [gzip] but found [null]">
      <![CDATA[java.lang.AssertionError: expected [gzip] but found [null]
at com.employeeAPI.testCases.TC002_Get_Single_Employee_Data.checkContentEncoding(TC002_Get_Single_Employee_Data.java:87)
... Removed 31 stack frames]]>
    </failure>
  </testcase> <!-- checkContentEncoding -->
  <testcase name="checkContentLength" time="0.001" classname="com.employeeAPI.testCases.TC002_Get_Single_Employee_Data">
    <failure type="java.lang.AssertionError" message="expected [true] but found [false]">
      <![CDATA[java.lang.AssertionError: expected [true] but found [false]
at com.employeeAPI.testCases.TC002_Get_Single_Employee_Data.checkContentLength(TC002_Get_Single_Employee_Data.java:98)
... Removed 29 stack frames]]>
    </failure>
  </testcase> <!-- checkContentLength -->
  <testcase name="checkContentType" time="0.001" classname="com.employeeAPI.testCases.TC002_Get_Single_Employee_Data"/>
  <testcase name="checkCookies" time="0.001" classname="com.employeeAPI.testCases.TC002_Get_Single_Employee_Data"/>
  <testcase name="checkResponseBody" time="0.001" classname="com.employeeAPI.testCases.TC002_Get_Single_Employee_Data"/>
  <testcase name="checkResponseTime" time="0.004" classname="com.employeeAPI.testCases.TC002_Get_Single_Employee_Data"/>
  <testcase name="checkServerType" time="0.001" classname="com.employeeAPI.testCases.TC002_Get_Single_Employee_Data"/>
  <testcase name="checkStatusCode" time="0.001" classname="com.employeeAPI.testCases.TC002_Get_Single_Employee_Data"/>
  <testcase name="checkStatusLine" time="0.002" classname="com.employeeAPI.testCases.TC002_Get_Single_Employee_Data"/>
  <testcase name="checkContentType" time="0.001" classname="com.employeeAPI.testCases.TC003_Post_New_Employee_Data"/>
  <testcase name="checkResponseBody" time="0.008" classname="com.employeeAPI.testCases.TC003_Post_New_Employee_Data"/>
  <testcase name="checkServerType" time="0.002" classname="com.employeeAPI.testCases.TC003_Post_New_Employee_Data"/>
  <testcase name="checkStatusCode" time="0.001" classname="com.employeeAPI.testCases.TC003_Post_New_Employee_Data"/>
  <testcase name="checkStatusLine" time="0.001" classname="com.employeeAPI.testCases.TC003_Post_New_Employee_Data"/>
  <testcase name="checkContentType" time="0.001" classname="com.employeeAPI.testCases.TC004_Put_Employee_Data"/>
  <testcase name="checkResponseBody" time="0.003" classname="com.employeeAPI.testCases.TC004_Put_Employee_Data"/>
  <testcase name="checkServerType" time="0.002" classname="com.employeeAPI.testCases.TC004_Put_Employee_Data"/>
  <testcase name="checkStatusCode" time="0.001" classname="com.employeeAPI.testCases.TC004_Put_Employee_Data"/>
  <testcase name="checkStatusLine" time="0.001" classname="com.employeeAPI.testCases.TC004_Put_Employee_Data"/>
  <testcase name="checkResponseBody" time="0.001" classname="com.employeeAPI.testCases.TC005_Delete_Employee_Details"/>
  <testcase name="checkResponseTime" time="0.001" classname="com.employeeAPI.testCases.TC005_Delete_Employee_Details"/>
  <testcase name="checkStatusCode" time="0.001" classname="com.employeeAPI.testCases.TC005_Delete_Employee_Details"/>
  <testcase name="checkStatusLine" time="0.001" classname="com.employeeAPI.testCases.TC005_Delete_Employee_Details"/>
</testsuite> <!-- RestAssuredEmployeeTest -->
