<?xml version="1.0" encoding="UTF-8"?>
<!-- Generated by org.testng.reporters.JUnitXMLReporter -->
<testsuite hostname="TW-577" ignored="0" name="Default test" tests="4" failures="0" timestamp="31 Jul 2019 10:16:04 GMT" time="5.999" errors="0">
  <testcase name="checkResponseBody" time="0.006" classname="com.employeeAPI.testCases.TC005_Delete_Employee_Details"/>
  <testcase name="checkResponseTime" time="0.002" classname="com.employeeAPI.testCases.TC005_Delete_Employee_Details"/>
  <testcase name="checkStatusCode" time="0.002" classname="com.employeeAPI.testCases.TC005_Delete_Employee_Details"/>
  <testcase name="checkStatusLine" time="0.001" classname="com.employeeAPI.testCases.TC005_Delete_Employee_Details"/>
</testsuite> <!-- Default test -->
