<?xml version="1.0" encoding="UTF-8"?>
<testng-results skipped="0" failed="0" ignored="0" total="32" passed="32">
  <reporter-output>
  </reporter-output>
  <suite name="Suite" duration-ms="20910" started-at="2019-07-31T10:52:34Z" finished-at="2019-07-31T10:52:55Z">
    <groups>
    </groups>
    <test name="RestAssuredEmployeeTest" duration-ms="20910" started-at="2019-07-31T10:52:34Z" finished-at="2019-07-31T10:52:55Z">
      <class name="com.employeeAPI.testCases.TC001_Get_All_Employees">
        <test-method status="PASS" signature="setup()[pri:0, instance:com.employeeAPI.testCases.TC001_Get_All_Employees@1e397ed7]" name="setup" is-config="true" duration-ms="30" started-at="2019-07-31T10:52:34Z" finished-at="2019-07-31T10:52:34Z">
          <reporter-output>
          </reporter-output>
        </test-method> <!-- setup -->
        <test-method status="PASS" signature="getAllEmployee()[pri:0, instance:com.employeeAPI.testCases.TC001_Get_All_Employees@1e397ed7]" name="getAllEmployee" is-config="true" duration-ms="4584" started-at="2019-07-31T10:52:34Z" finished-at="2019-07-31T10:52:39Z">
          <reporter-output>
          </reporter-output>
        </test-method> <!-- getAllEmployee -->
        <test-method status="PASS" signature="checkContentEncoding()[pri:0, instance:com.employeeAPI.testCases.TC001_Get_All_Employees@1e397ed7]" name="checkContentEncoding" duration-ms="6" started-at="2019-07-31T10:52:39Z" finished-at="2019-07-31T10:52:39Z">
          <reporter-output>
          </reporter-output>
        </test-method> <!-- checkContentEncoding -->
        <test-method status="PASS" signature="checkContentLength()[pri:0, instance:com.employeeAPI.testCases.TC001_Get_All_Employees@1e397ed7]" name="checkContentLength" duration-ms="1" started-at="2019-07-31T10:52:39Z" finished-at="2019-07-31T10:52:39Z">
          <reporter-output>
          </reporter-output>
        </test-method> <!-- checkContentLength -->
        <test-method status="PASS" signature="checkContentType()[pri:0, instance:com.employeeAPI.testCases.TC001_Get_All_Employees@1e397ed7]" name="checkContentType" duration-ms="4" started-at="2019-07-31T10:52:39Z" finished-at="2019-07-31T10:52:39Z">
          <reporter-output>
          </reporter-output>
        </test-method> <!-- checkContentType -->
        <test-method status="PASS" signature="checkCookies()[pri:0, instance:com.employeeAPI.testCases.TC001_Get_All_Employees@1e397ed7]" name="checkCookies" duration-ms="2" started-at="2019-07-31T10:52:39Z" finished-at="2019-07-31T10:52:39Z">
          <reporter-output>
          </reporter-output>
        </test-method> <!-- checkCookies -->
        <test-method status="PASS" signature="checkResponseBody()[pri:0, instance:com.employeeAPI.testCases.TC001_Get_All_Employees@1e397ed7]" name="checkResponseBody" duration-ms="2" started-at="2019-07-31T10:52:39Z" finished-at="2019-07-31T10:52:39Z">
          <reporter-output>
          </reporter-output>
        </test-method> <!-- checkResponseBody -->
        <test-method status="PASS" signature="checkResponseTime()[pri:0, instance:com.employeeAPI.testCases.TC001_Get_All_Employees@1e397ed7]" name="checkResponseTime" duration-ms="2" started-at="2019-07-31T10:52:39Z" finished-at="2019-07-31T10:52:39Z">
          <reporter-output>
          </reporter-output>
        </test-method> <!-- checkResponseTime -->
        <test-method status="PASS" signature="checkServerType()[pri:0, instance:com.employeeAPI.testCases.TC001_Get_All_Employees@1e397ed7]" name="checkServerType" duration-ms="2" started-at="2019-07-31T10:52:39Z" finished-at="2019-07-31T10:52:39Z">
          <reporter-output>
          </reporter-output>
        </test-method> <!-- checkServerType -->
        <test-method status="PASS" signature="checkStatusCode()[pri:0, instance:com.employeeAPI.testCases.TC001_Get_All_Employees@1e397ed7]" name="checkStatusCode" duration-ms="1" started-at="2019-07-31T10:52:39Z" finished-at="2019-07-31T10:52:39Z">
          <reporter-output>
          </reporter-output>
        </test-method> <!-- checkStatusCode -->
        <test-method status="PASS" signature="checkStatusLine()[pri:0, instance:com.employeeAPI.testCases.TC001_Get_All_Employees@1e397ed7]" name="checkStatusLine" duration-ms="1" started-at="2019-07-31T10:52:39Z" finished-at="2019-07-31T10:52:39Z">
          <reporter-output>
          </reporter-output>
        </test-method> <!-- checkStatusLine -->
        <test-method status="PASS" signature="tearDown()[pri:0, instance:com.employeeAPI.testCases.TC001_Get_All_Employees@1e397ed7]" name="tearDown" is-config="true" duration-ms="0" started-at="2019-07-31T10:52:39Z" finished-at="2019-07-31T10:52:39Z">
          <reporter-output>
          </reporter-output>
        </test-method> <!-- tearDown -->
      </class> <!-- com.employeeAPI.testCases.TC001_Get_All_Employees -->
      <class name="com.employeeAPI.testCases.TC005_Delete_Employee_Details">
        <test-method status="PASS" signature="setup()[pri:0, instance:com.employeeAPI.testCases.TC005_Delete_Employee_Details@72d818d1]" name="setup" is-config="true" duration-ms="4" started-at="2019-07-31T10:52:50Z" finished-at="2019-07-31T10:52:50Z">
          <reporter-output>
          </reporter-output>
        </test-method> <!-- setup -->
        <test-method status="PASS" signature="getAllEmployee()[pri:0, instance:com.employeeAPI.testCases.TC005_Delete_Employee_Details@72d818d1]" name="getAllEmployee" is-config="true" duration-ms="4934" started-at="2019-07-31T10:52:50Z" finished-at="2019-07-31T10:52:55Z">
          <reporter-output>
          </reporter-output>
        </test-method> <!-- getAllEmployee -->
        <test-method status="PASS" signature="checkResponseBody()[pri:0, instance:com.employeeAPI.testCases.TC005_Delete_Employee_Details@72d818d1]" name="checkResponseBody" duration-ms="0" started-at="2019-07-31T10:52:55Z" finished-at="2019-07-31T10:52:55Z">
          <reporter-output>
          </reporter-output>
        </test-method> <!-- checkResponseBody -->
        <test-method status="PASS" signature="checkResponseTime()[pri:0, instance:com.employeeAPI.testCases.TC005_Delete_Employee_Details@72d818d1]" name="checkResponseTime" duration-ms="1" started-at="2019-07-31T10:52:55Z" finished-at="2019-07-31T10:52:55Z">
          <reporter-output>
          </reporter-output>
        </test-method> <!-- checkResponseTime -->
        <test-method status="PASS" signature="checkStatusCode()[pri:0, instance:com.employeeAPI.testCases.TC005_Delete_Employee_Details@72d818d1]" name="checkStatusCode" duration-ms="1" started-at="2019-07-31T10:52:55Z" finished-at="2019-07-31T10:52:55Z">
          <reporter-output>
          </reporter-output>
        </test-method> <!-- checkStatusCode -->
        <test-method status="PASS" signature="checkStatusLine()[pri:0, instance:com.employeeAPI.testCases.TC005_Delete_Employee_Details@72d818d1]" name="checkStatusLine" duration-ms="3" started-at="2019-07-31T10:52:55Z" finished-at="2019-07-31T10:52:55Z">
          <reporter-output>
          </reporter-output>
        </test-method> <!-- checkStatusLine -->
        <test-method status="PASS" signature="tearDown()[pri:0, instance:com.employeeAPI.testCases.TC005_Delete_Employee_Details@72d818d1]" name="tearDown" is-config="true" duration-ms="0" started-at="2019-07-31T10:52:55Z" finished-at="2019-07-31T10:52:55Z">
          <reporter-output>
          </reporter-output>
        </test-method> <!-- tearDown -->
      </class> <!-- com.employeeAPI.testCases.TC005_Delete_Employee_Details -->
      <class name="com.employeeAPI.testCases.TC004_Put_Employee_Data">
        <test-method status="PASS" signature="setup()[pri:0, instance:com.employeeAPI.testCases.TC004_Put_Employee_Data@27c20538]" name="setup" is-config="true" duration-ms="4" started-at="2019-07-31T10:52:46Z" finished-at="2019-07-31T10:52:46Z">
          <reporter-output>
          </reporter-output>
        </test-method> <!-- setup -->
        <test-method status="PASS" signature="getEmployeeData()[pri:0, instance:com.employeeAPI.testCases.TC004_Put_Employee_Data@27c20538]" name="getEmployeeData" is-config="true" duration-ms="3663" started-at="2019-07-31T10:52:46Z" finished-at="2019-07-31T10:52:50Z">
          <reporter-output>
          </reporter-output>
        </test-method> <!-- getEmployeeData -->
        <test-method status="PASS" signature="checkContentType()[pri:0, instance:com.employeeAPI.testCases.TC004_Put_Employee_Data@27c20538]" name="checkContentType" duration-ms="1" started-at="2019-07-31T10:52:50Z" finished-at="2019-07-31T10:52:50Z">
          <reporter-output>
          </reporter-output>
        </test-method> <!-- checkContentType -->
        <test-method status="PASS" signature="checkResponseBody()[pri:0, instance:com.employeeAPI.testCases.TC004_Put_Employee_Data@27c20538]" name="checkResponseBody" duration-ms="1" started-at="2019-07-31T10:52:50Z" finished-at="2019-07-31T10:52:50Z">
          <reporter-output>
          </reporter-output>
        </test-method> <!-- checkResponseBody -->
        <test-method status="PASS" signature="checkServerType()[pri:0, instance:com.employeeAPI.testCases.TC004_Put_Employee_Data@27c20538]" name="checkServerType" duration-ms="2" started-at="2019-07-31T10:52:50Z" finished-at="2019-07-31T10:52:50Z">
          <reporter-output>
          </reporter-output>
        </test-method> <!-- checkServerType -->
        <test-method status="PASS" signature="checkStatusCode()[pri:0, instance:com.employeeAPI.testCases.TC004_Put_Employee_Data@27c20538]" name="checkStatusCode" duration-ms="1" started-at="2019-07-31T10:52:50Z" finished-at="2019-07-31T10:52:50Z">
          <reporter-output>
          </reporter-output>
        </test-method> <!-- checkStatusCode -->
        <test-method status="PASS" signature="checkStatusLine()[pri:0, instance:com.employeeAPI.testCases.TC004_Put_Employee_Data@27c20538]" name="checkStatusLine" duration-ms="2" started-at="2019-07-31T10:52:50Z" finished-at="2019-07-31T10:52:50Z">
          <reporter-output>
          </reporter-output>
        </test-method> <!-- checkStatusLine -->
        <test-method status="PASS" signature="tearDown()[pri:0, instance:com.employeeAPI.testCases.TC004_Put_Employee_Data@27c20538]" name="tearDown" is-config="true" duration-ms="1" started-at="2019-07-31T10:52:50Z" finished-at="2019-07-31T10:52:50Z">
          <reporter-output>
          </reporter-output>
        </test-method> <!-- tearDown -->
      </class> <!-- com.employeeAPI.testCases.TC004_Put_Employee_Data -->
      <class name="com.employeeAPI.testCases.TC002_Get_Single_Employee_Data">
        <test-method status="PASS" signature="setup()[pri:0, instance:com.employeeAPI.testCases.TC002_Get_Single_Employee_Data@490ab905]" name="setup" is-config="true" duration-ms="7" started-at="2019-07-31T10:52:39Z" finished-at="2019-07-31T10:52:39Z">
          <reporter-output>
          </reporter-output>
        </test-method> <!-- setup -->
        <test-method status="PASS" signature="getEmployeeData()[pri:0, instance:com.employeeAPI.testCases.TC002_Get_Single_Employee_Data@490ab905]" name="getEmployeeData" is-config="true" duration-ms="3711" started-at="2019-07-31T10:52:39Z" finished-at="2019-07-31T10:52:43Z">
          <reporter-output>
          </reporter-output>
        </test-method> <!-- getEmployeeData -->
        <test-method status="PASS" signature="checkContentEncoding()[pri:0, instance:com.employeeAPI.testCases.TC002_Get_Single_Employee_Data@490ab905]" name="checkContentEncoding" duration-ms="1" started-at="2019-07-31T10:52:43Z" finished-at="2019-07-31T10:52:43Z">
          <reporter-output>
          </reporter-output>
        </test-method> <!-- checkContentEncoding -->
        <test-method status="PASS" signature="checkContentLength()[pri:0, instance:com.employeeAPI.testCases.TC002_Get_Single_Employee_Data@490ab905]" name="checkContentLength" duration-ms="2" started-at="2019-07-31T10:52:43Z" finished-at="2019-07-31T10:52:43Z">
          <reporter-output>
          </reporter-output>
        </test-method> <!-- checkContentLength -->
        <test-method status="PASS" signature="checkContentType()[pri:0, instance:com.employeeAPI.testCases.TC002_Get_Single_Employee_Data@490ab905]" name="checkContentType" duration-ms="2" started-at="2019-07-31T10:52:43Z" finished-at="2019-07-31T10:52:43Z">
          <reporter-output>
          </reporter-output>
        </test-method> <!-- checkContentType -->
        <test-method status="PASS" signature="checkCookies()[pri:0, instance:com.employeeAPI.testCases.TC002_Get_Single_Employee_Data@490ab905]" name="checkCookies" duration-ms="2" started-at="2019-07-31T10:52:43Z" finished-at="2019-07-31T10:52:43Z">
          <reporter-output>
          </reporter-output>
        </test-method> <!-- checkCookies -->
        <test-method status="PASS" signature="checkResponseBody()[pri:0, instance:com.employeeAPI.testCases.TC002_Get_Single_Employee_Data@490ab905]" name="checkResponseBody" duration-ms="2" started-at="2019-07-31T10:52:43Z" finished-at="2019-07-31T10:52:43Z">
          <reporter-output>
          </reporter-output>
        </test-method> <!-- checkResponseBody -->
        <test-method status="PASS" signature="checkResponseTime()[pri:0, instance:com.employeeAPI.testCases.TC002_Get_Single_Employee_Data@490ab905]" name="checkResponseTime" duration-ms="1" started-at="2019-07-31T10:52:43Z" finished-at="2019-07-31T10:52:43Z">
          <reporter-output>
          </reporter-output>
        </test-method> <!-- checkResponseTime -->
        <test-method status="PASS" signature="checkServerType()[pri:0, instance:com.employeeAPI.testCases.TC002_Get_Single_Employee_Data@490ab905]" name="checkServerType" duration-ms="1" started-at="2019-07-31T10:52:43Z" finished-at="2019-07-31T10:52:43Z">
          <reporter-output>
          </reporter-output>
        </test-method> <!-- checkServerType -->
        <test-method status="PASS" signature="checkStatusCode()[pri:0, instance:com.employeeAPI.testCases.TC002_Get_Single_Employee_Data@490ab905]" name="checkStatusCode" duration-ms="2" started-at="2019-07-31T10:52:43Z" finished-at="2019-07-31T10:52:43Z">
          <reporter-output>
          </reporter-output>
        </test-method> <!-- checkStatusCode -->
        <test-method status="PASS" signature="checkStatusLine()[pri:0, instance:com.employeeAPI.testCases.TC002_Get_Single_Employee_Data@490ab905]" name="checkStatusLine" duration-ms="1" started-at="2019-07-31T10:52:43Z" finished-at="2019-07-31T10:52:43Z">
          <reporter-output>
          </reporter-output>
        </test-method> <!-- checkStatusLine -->
        <test-method status="PASS" signature="tearDown()[pri:0, instance:com.employeeAPI.testCases.TC002_Get_Single_Employee_Data@490ab905]" name="tearDown" is-config="true" duration-ms="0" started-at="2019-07-31T10:52:43Z" finished-at="2019-07-31T10:52:43Z">
          <reporter-output>
          </reporter-output>
        </test-method> <!-- tearDown -->
      </class> <!-- com.employeeAPI.testCases.TC002_Get_Single_Employee_Data -->
      <class name="com.employeeAPI.testCases.TC003_Post_New_Employee_Data">
        <test-method status="PASS" signature="setup()[pri:0, instance:com.employeeAPI.testCases.TC003_Post_New_Employee_Data@56ac3a89]" name="setup" is-config="true" duration-ms="4" started-at="2019-07-31T10:52:43Z" finished-at="2019-07-31T10:52:43Z">
          <reporter-output>
          </reporter-output>
        </test-method> <!-- setup -->
        <test-method status="PASS" signature="getEmployeeData()[pri:0, instance:com.employeeAPI.testCases.TC003_Post_New_Employee_Data@56ac3a89]" name="getEmployeeData" is-config="true" duration-ms="3678" started-at="2019-07-31T10:52:43Z" finished-at="2019-07-31T10:52:46Z">
          <reporter-output>
          </reporter-output>
        </test-method> <!-- getEmployeeData -->
        <test-method status="PASS" signature="checkContentType()[pri:0, instance:com.employeeAPI.testCases.TC003_Post_New_Employee_Data@56ac3a89]" name="checkContentType" duration-ms="1" started-at="2019-07-31T10:52:46Z" finished-at="2019-07-31T10:52:46Z">
          <reporter-output>
          </reporter-output>
        </test-method> <!-- checkContentType -->
        <test-method status="PASS" signature="checkResponseBody()[pri:0, instance:com.employeeAPI.testCases.TC003_Post_New_Employee_Data@56ac3a89]" name="checkResponseBody" duration-ms="8" started-at="2019-07-31T10:52:46Z" finished-at="2019-07-31T10:52:46Z">
          <reporter-output>
          </reporter-output>
        </test-method> <!-- checkResponseBody -->
        <test-method status="PASS" signature="checkServerType()[pri:0, instance:com.employeeAPI.testCases.TC003_Post_New_Employee_Data@56ac3a89]" name="checkServerType" duration-ms="1" started-at="2019-07-31T10:52:46Z" finished-at="2019-07-31T10:52:46Z">
          <reporter-output>
          </reporter-output>
        </test-method> <!-- checkServerType -->
        <test-method status="PASS" signature="checkStatusCode()[pri:0, instance:com.employeeAPI.testCases.TC003_Post_New_Employee_Data@56ac3a89]" name="checkStatusCode" duration-ms="1" started-at="2019-07-31T10:52:46Z" finished-at="2019-07-31T10:52:46Z">
          <reporter-output>
          </reporter-output>
        </test-method> <!-- checkStatusCode -->
        <test-method status="PASS" signature="checkStatusLine()[pri:0, instance:com.employeeAPI.testCases.TC003_Post_New_Employee_Data@56ac3a89]" name="checkStatusLine" duration-ms="2" started-at="2019-07-31T10:52:46Z" finished-at="2019-07-31T10:52:46Z">
          <reporter-output>
          </reporter-output>
        </test-method> <!-- checkStatusLine -->
        <test-method status="PASS" signature="tearDown()[pri:0, instance:com.employeeAPI.testCases.TC003_Post_New_Employee_Data@56ac3a89]" name="tearDown" is-config="true" duration-ms="0" started-at="2019-07-31T10:52:46Z" finished-at="2019-07-31T10:52:46Z">
          <reporter-output>
          </reporter-output>
        </test-method> <!-- tearDown -->
      </class> <!-- com.employeeAPI.testCases.TC003_Post_New_Employee_Data -->
    </test> <!-- RestAssuredEmployeeTest -->
  </suite> <!-- Suite -->
</testng-results>
